<?xml version="1.0" encoding="UTF-8"?>
<testng-results ignored="0" total="16" passed="16" failed="0" skipped="0">
  <reporter-output>
  </reporter-output>
  <suite started-at="2022-09-22T08:48:15 IST" name="Fina;TestSuite" finished-at="2022-09-22T08:48:15 IST" duration-ms="282">
    <groups>
    </groups>
    <test started-at="2022-09-22T08:48:15 IST" name="suitTest" finished-at="2022-09-22T08:48:15 IST" duration-ms="282">
      <class name="test.TestNGClass">
        <test-method signature="beforeClass()[pri:1, instance:test.TestNGClass@2ef3eef9]" started-at="2022-09-22T08:48:15 IST" name="beforeClass" finished-at="2022-09-22T08:48:15 IST" duration-ms="2" status="PASS">
          <reporter-output>
          </reporter-output>
        </test-method> <!-- beforeClass -->
        <test-method signature="beforeMethod()[pri:2, instance:test.TestNGClass@2ef3eef9]" started-at="2022-09-22T08:48:15 IST" name="beforeMethod" finished-at="2022-09-22T08:48:15 IST" duration-ms="6" status="PASS">
          <reporter-output>
          </reporter-output>
        </test-method> <!-- beforeMethod -->
        <test-method signature="test()[pri:3, instance:test.TestNGClass@2ef3eef9]" started-at="2022-09-22T08:48:15 IST" name="test" finished-at="2022-09-22T08:48:15 IST" duration-ms="2" status="PASS">
          <reporter-output>
          </reporter-output>
        </test-method> <!-- test -->
        <test-method signature="afterMethod()[pri:4, instance:test.TestNGClass@2ef3eef9]" started-at="2022-09-22T08:48:15 IST" name="afterMethod" finished-at="2022-09-22T08:48:15 IST" duration-ms="22" status="PASS">
          <reporter-output>
          </reporter-output>
        </test-method> <!-- afterMethod -->
        <test-method signature="afterClass()[pri:5, instance:test.TestNGClass@2ef3eef9]" started-at="2022-09-22T08:48:15 IST" name="afterClass" finished-at="2022-09-22T08:48:15 IST" duration-ms="4" status="PASS">
          <reporter-output>
          </reporter-output>
        </test-method> <!-- afterClass -->
        <test-method signature="afterClass()[pri:5, instance:test.TestNGClass@2ef3eef9]" started-at="2022-09-22T08:48:15 IST" name="afterClass" finished-at="2022-09-22T08:48:15 IST" duration-ms="4" status="PASS">
          <reporter-output>
          </reporter-output>
        </test-method> <!-- afterClass -->
        <test-method signature="afterClass()[pri:5, instance:test.TestNGClass@2ef3eef9]" started-at="2022-09-22T08:48:15 IST" name="afterClass" finished-at="2022-09-22T08:48:15 IST" duration-ms="3" status="PASS">
          <reporter-output>
          </reporter-output>
        </test-method> <!-- afterClass -->
        <test-method signature="afterClass()[pri:5, instance:test.TestNGClass@2ef3eef9]" started-at="2022-09-22T08:48:15 IST" name="afterClass" finished-at="2022-09-22T08:48:15 IST" duration-ms="5" status="PASS">
          <reporter-output>
          </reporter-output>
        </test-method> <!-- afterClass -->
      </class> <!-- test.TestNGClass -->
      <class name="Amazon.TestNG">
        <test-method signature="beforeClass()[pri:1, instance:Amazon.TestNG@4f209819]" started-at="2022-09-22T08:48:15 IST" name="beforeClass" finished-at="2022-09-22T08:48:15 IST" duration-ms="21" status="PASS">
          <reporter-output>
          </reporter-output>
        </test-method> <!-- beforeClass -->
        <test-method signature="beforeMethod()[pri:2, instance:Amazon.TestNG@4f209819]" started-at="2022-09-22T08:48:15 IST" name="beforeMethod" finished-at="2022-09-22T08:48:15 IST" duration-ms="3" status="PASS">
          <reporter-output>
          </reporter-output>
        </test-method> <!-- beforeMethod -->
        <test-method signature="test()[pri:3, instance:Amazon.TestNG@4f209819]" started-at="2022-09-22T08:48:15 IST" name="test" finished-at="2022-09-22T08:48:15 IST" duration-ms="7" status="PASS">
          <reporter-output>
          </reporter-output>
        </test-method> <!-- test -->
        <test-method signature="afterMethod()[pri:4, instance:Amazon.TestNG@4f209819]" started-at="2022-09-22T08:48:15 IST" name="afterMethod" finished-at="2022-09-22T08:48:15 IST" duration-ms="2" status="PASS">
          <reporter-output>
          </reporter-output>
        </test-method> <!-- afterMethod -->
        <test-method signature="afterClass()[pri:5, instance:Amazon.TestNG@4f209819]" started-at="2022-09-22T08:48:15 IST" name="afterClass" finished-at="2022-09-22T08:48:15 IST" duration-ms="2" status="PASS">
          <reporter-output>
          </reporter-output>
        </test-method> <!-- afterClass -->
        <test-method signature="afterClass()[pri:5, instance:Amazon.TestNG@4f209819]" started-at="2022-09-22T08:48:15 IST" name="afterClass" finished-at="2022-09-22T08:48:15 IST" duration-ms="2" status="PASS">
          <reporter-output>
          </reporter-output>
        </test-method> <!-- afterClass -->
        <test-method signature="afterClass()[pri:5, instance:Amazon.TestNG@4f209819]" started-at="2022-09-22T08:48:15 IST" name="afterClass" finished-at="2022-09-22T08:48:15 IST" duration-ms="2" status="PASS">
          <reporter-output>
          </reporter-output>
        </test-method> <!-- afterClass -->
        <test-method signature="afterClass()[pri:5, instance:Amazon.TestNG@4f209819]" started-at="2022-09-22T08:48:15 IST" name="afterClass" finished-at="2022-09-22T08:48:15 IST" duration-ms="1" status="PASS">
          <reporter-output>
          </reporter-output>
        </test-method> <!-- afterClass -->
      </class> <!-- Amazon.TestNG -->
    </test> <!-- suitTest -->
  </suite> <!-- Fina;TestSuite -->
</testng-results>
