<?xml version="1.0" encoding="UTF-8"?>
<!-- Generated by org.testng.reporters.JUnitXMLReporter -->
<testsuite ignored="0" hostname="DESKTOP-G2QEOA5" failures="0" tests="8" name="Default test" time="0.274" errors="0" timestamp="2022-09-20T15:44:51 IST">
  <testcase classname="Amazon.TestNG" name="beforeClass" time="0.022"/>
  <testcase classname="Amazon.TestNG" name="beforeMethod" time="0.008"/>
  <testcase classname="Amazon.TestNG" name="test" time="0.003"/>
  <testcase classname="Amazon.TestNG" name="afterMethod" time="0.008"/>
  <testcase classname="Amazon.TestNG" name="afterClass" time="0.004"/>
  <testcase classname="Amazon.TestNG" name="afterClass" time="0.004"/>
  <testcase classname="Amazon.TestNG" name="afterClass" time="0.002"/>
  <testcase classname="Amazon.TestNG" name="afterClass" time="0.007"/>
</testsuite> <!-- Default test -->
