<?xml version="1.0" encoding="UTF-8"?>
<!-- Generated by org.testng.reporters.JUnitXMLReporter -->
<testsuite ignored="0" hostname="DESKTOP-G2QEOA5" failures="0" tests="16" name="suitTest" time="0.282" errors="0" timestamp="2022-09-22T08:48:15 IST">
  <testcase classname="Amazon.TestNG" name="beforeClass" time="0.021"/>
  <testcase classname="Amazon.TestNG" name="beforeMethod" time="0.003"/>
  <testcase classname="Amazon.TestNG" name="test" time="0.007"/>
  <testcase classname="Amazon.TestNG" name="afterMethod" time="0.002"/>
  <testcase classname="Amazon.TestNG" name="afterClass" time="0.002"/>
  <testcase classname="Amazon.TestNG" name="afterClass" time="0.002"/>
  <testcase classname="Amazon.TestNG" name="afterClass" time="0.002"/>
  <testcase classname="Amazon.TestNG" name="afterClass" time="0.001"/>
  <testcase classname="test.TestNGClass" name="beforeClass" time="0.002"/>
  <testcase classname="test.TestNGClass" name="beforeMethod" time="0.006"/>
  <testcase classname="test.TestNGClass" name="test" time="0.002"/>
  <testcase classname="test.TestNGClass" name="afterMethod" time="0.022"/>
  <testcase classname="test.TestNGClass" name="afterClass" time="0.004"/>
  <testcase classname="test.TestNGClass" name="afterClass" time="0.004"/>
  <testcase classname="test.TestNGClass" name="afterClass" time="0.003"/>
  <testcase classname="test.TestNGClass" name="afterClass" time="0.005"/>
</testsuite> <!-- suitTest -->
